#
# A fatal error has been detected by the Java Runtime Environment:
#
#  EXCEPTION_ACCESS_VIOLATION (0xc0000005) at pc=0x00007ffcb42c990c, pid=14288, tid=11960
#
# JRE version: Java(TM) SE Runtime Environment (17.0.11+7) (build 17.0.11+7-LTS-207)
# Java VM: Java HotSpot(TM) 64-Bit Server VM (17.0.11+7-LTS-207, mixed mode, sharing, tiered, compressed oops, compressed class ptrs, g1 gc, windows-amd64)
# Problematic frame:
# C  [ig11icd64.dll+0x5f990c]
#
# No core dump will be written. Minidumps are not enabled by default on client versions of Windows
#
# If you would like to submit a bug report, please visit:
#   https://bugreport.java.com/bugreport/crash.jsp
# The crash happened outside the Java Virtual Machine in native code.
# See problematic frame for where to report the bug.
#

---------------  S U M M A R Y ------------

Command Line: -Ddebugger.agent.enable.coroutines=true -Dfabric.dli.config=D:\Projects\Minecraft\ExperimentMod\.gradle\loom-cache\launch.cfg -Dfabric.dli.env=client -Dfabric.dli.main=net.fabricmc.loader.impl.launch.knot.KnotClient -Dkotlinx.coroutines.debug.enable.creation.stack.trace=false -agentlib:jdwp=transport=dt_socket,server=n,suspend=y,address=127.0.0.1:56834 -javaagent:C:\Users\User\AppData\Local\JetBrains\IdeaIC2024.2\captureAgent\debugger-agent.jar=file:/C:/Users/User/AppData/Local/Temp/capture.props -Dfile.encoding=UTF-8 -Duser.country=RU -Duser.language=ru -Duser.variant net.fabricmc.devlaunchinjector.Main

Host: Intel(R) Core(TM) i3-1005G1 CPU @ 1.20GHz, 4 cores, 7G,  Windows 11 , 64 bit Build 22621 (10.0.22621.3958)
Time: Sat Oct 12 17:50:14 2024 RTZ 4 (s 11 , 64 bit Build 22621 (10.0.22621.3958) elapsed time: 257.630323 seconds (0d 0h 4m 17s)

---------------  T H R E A D  ---------------

Current thread (0x000001a786b48250):  JavaThread "JDWP Transport Listener: dt_socket" daemon [_thread_in_native, id=11960, stack(0x0000004d43900000,0x0000004d43a00000)]

Stack: [0x0000004d43900000,0x0000004d43a00000],  sp=0x0000004d439fe700,  free space=1017k
Native frames: (J=compiled Java code, j=interpreted, Vv=VM code, C=native code)
C  [ig11icd64.dll+0x5f990c]


siginfo: EXCEPTION_ACCESS_VIOLATION (0xc0000005), reading address 0x0000000000035788


Registers:
RAX=0x000001a7d169b2b0, RBX=0x000001a7d169b160, RCX=0x0000000000000000, RDX=0x000001a7d0a36f90
RSP=0x0000004d439fe700, RBP=0x000001a7d210aac0, RSI=0x000001a7d169b730, RDI=0x000001a7cf30f350
R8 =0x0000000000000014, R9 =0x000001a7d169b268, R10=0x0000000000000000, R11=0x0000000000000246
R12=0x000001a7d0a17c00, R13=0x0000000000000000, R14=0x0000000000000000, R15=0x0000000000000000
RIP=0x00007ffcb42c990c, EFLAGS=0x0000000000010202


Register to memory mapping:

RIP=0x00007ffcb42c990c ig11icd64.dll
RAX=