#
# A fatal error has been detected by the Java Runtime Environment:
#
#  EXCEPTION_ACCESS_VIOLATION (0xc0000005) at pc=0x00007ffcd837990c, pid=15716, tid=10292
#
# JRE version: Java(TM) SE Runtime Environment (17.0.11+7) (build 17.0.11+7-LTS-207)
# Java VM: Java HotSpot(TM) 64-Bit Server VM (17.0.11+7-LTS-207, mixed mode, sharing, tiered, compressed oops, compressed class ptrs, g1 gc, windows-amd64)
# Problematic frame:
# C  [ig11icd64.dll+0x5f990c]
#
# No core dump will be written. Minidumps are not enabled by default on client versions of Windows
#
# If you would like to submit a bug report, please visit:
#   https://bugreport.java.com/bugreport/crash.jsp
# The crash happened outside the Java Virtual Machine in native code.
# See problematic frame for where to report the bug.
#

---------------  S U M M A R Y ------------

Command Line: -Ddebugger.agent.enable.coroutines=true -Dfabric.dli.config=D:\Projects\Minecraft\ExperimentMod\.gradle\loom-cache\launch.cfg -Dfabric.dli.env=client -Dfabric.dli.main=net.fabricmc.loader.impl.launch.knot.KnotClient -Dkotlinx.coroutines.debug.enable.creation.stack.trace=false -agentlib:jdwp=transport=dt_socket,server=n,suspend=y,address=127.0.0.1:57140 -javaagent:C:\Users\User\AppData\Local\JetBrains\IdeaIC2024.2\captureAgent\debugger-agent.jar=file:/C:/Users/User/AppData/Local/Temp/capture.props -Dfile.encoding=UTF-8 -Duser.country=RU -Duser.language=ru -Duser.variant net.fabricmc.devlaunchinjector.Main

Host: Intel(R) Core(TM) i3-1005G1 CPU @ 1.20GHz, 4 cores, 7G,  Windows 11 , 64 bit Build 22621 (10.0.22621.3958)
Time: Sat Oct 12 18:07:27 2024 RTZ 4 (s 11 , 64 bit Build 22621 (10.0.22621.3958) elapsed time: 349.291832 seconds (0d 0h 5m 49s)

---------------  T H R E A D  ---------------

Current thread (0x00000243e2390550):  JavaThread "JDWP Transport Listener: dt_socket" daemon [_thread_in_native, id=10292, stack(0x00000064f4c00000,0x00000064f4d00000)]

Stack: [0x00000064f4c00000,0x00000064f4d00000],  sp=0x00000064f4cfea40,  free space=1018k
Native frames: (J=compiled Java code, j=interpreted, Vv=VM code, C=native code)
C  [ig11icd64.dll+0x5f990c]


siginfo: EXCEPTION_ACCESS_VIOLATION (0xc0000005), reading address 0x0000000000035788


Registers:
RAX=0x00000243e55c6f70, RBX=0x00000243e55c6e20, RCX=0x0000000000000000, RDX=0x00000243e9507420
RSP=0x00000064f4cfea40, RBP=0x00000243e7d03940, RSI=0x00000243e55c73f0, RDI=0x00000243e88eea10
R8 =0x0000000000000014, R9 =0x00000243e55c6f28, R10=0x0000000000000000, R11=0x0000000000000246
R12=0x00000243e3565b00, R13=0x0000000000000000, R14=0x0000000000000000, R15=0x0000000000000000
RIP=0x00007ffcd837990c, EFLAGS=0x0000000000010202


Register to memory mapping:

RIP=0x00007ffcd837990c ig11icd64.dll
RAX=0x00000243e55c6f70 points into unknown readable memory: 0x000000000316a228 | 28 a2 16 03 00 00 00 00
RBX=0x00000243e55c6e20 points into unknown readable memory: 0x00000243e7f7e6e0 | e0 e6 f7 e7 43 02 00 00
RCX=0x0 is NULL
RDX=0x00000243e9507420 points into unknown readable memory: 0x0000000000000000 | 00 00 00 00 00 00 00 00
RSP=0x00000064f4cfea40 is pointing into the stack for thread: 0x00000243e2390550
RBP=0x00000243e7d03940 points into unknown readable memory: 0x00000243e7f7e6e0 | e0 e6 f7 e7 43 02 00 00
RSI=0x00000243e55c73f0 points into unknown readable memory: 0x00000243e7d03940 | 40 39 d0 e7 43 02 00 00
RDI=0x00000243e88eea10 points into unknown readable memory: 0x3b000000bebafe00 | 00 fe ba be 00 00 00 3b
R8 =0x0000000000000014 is an unknown value
R9 =